(THU.CST) os is loading ...

Special kernel symbols:
  entry  0xc0100036 (phys)
  etext  0xc010612c (phys)
  edata  0xc011a000 (phys)
  end    0xc011af88 (phys)
Kernel executable memory footprint: 108KB
ebp:0xc0116f38 eip:0xc01009edarg :0x00010094 0x00000000 0xc0116f68 0xc01000cd
    kern/debug/kdebug.c:306: print_stackframe+22
ebp:0xc0116f48 eip:0xc0100ce5arg :0x00000000 0x00000000 0x00000000 0xc0116fb8
    kern/debug/kmonitor.c:129: mon_backtrace+10
ebp:0xc0116f68 eip:0xc01000cdarg :0x00000000 0xc0116f90 0xffff0000 0xc0116f94
    kern/init/init.c:48: grade_backtrace2+33
ebp:0xc0116f88 eip:0xc01000f6arg :0x00000000 0xffff0000 0xc0116fb4 0x0000002a
    kern/init/init.c:53: grade_backtrace1+38
ebp:0xc0116fa8 eip:0xc0100114arg :0x00000000 0xc0100036 0xffff0000 0x0000001d
    kern/init/init.c:58: grade_backtrace0+23
ebp:0xc0116fc8 eip:0xc0100139arg :0xc010615c 0xc0106140 0x00000f88 0x00000000
    kern/init/init.c:63: grade_backtrace+34
ebp:0xc0116ff8 eip:0xc010008barg :0xc0106304 0xc010630c 0xc0100c6b 0xc010632b
    kern/init/init.c:28: kern_init+84
memory management: default_pmm_manager
e820map:
  memory: 0009fc00, [00000000, 0009fbff], type = 1.
  memory: 00000400, [0009fc00, 0009ffff], type = 2.
  memory: 00010000, [000f0000, 000fffff], type = 2.
  memory: 07efe000, [00100000, 07ffdfff], type = 1.
  memory: 00002000, [07ffe000, 07ffffff], type = 2.
  memory: 00040000, [fffc0000, ffffffff], type = 2.
check_alloc_page() succeeded!
check_pgdir() succeeded!
check_boot_pgdir() succeeded!
-------------------- BEGIN --------------------
PDE(0e0) c0000000-f8000000 38000000 urw
  |-- PTE(38000) c0000000-f8000000 38000000 -rw
PDE(001) fac00000-fb000000 00400000 -rw
  |-- PTE(000e0) faf00000-fafe0000 000e0000 urw
  |-- PTE(00001) fafeb000-fafec000 00001000 -rw
--------------------- END ---------------------
++ setup timer interrupts
0: @ring 0
0:  cs = 8
0:  ds = 10
0:  es = 10
0:  ss = 10
+++ switch to  user  mode +++
100 ticks
End of Test.
kernel panic at kern/trap/trap.c:18:
    EOT: kernel seems ok.
stack trackback:
ebp:0xc0116ef8 eip:0xc01009edarg :0xc0106438 0xc0116f3c 0x00000012 0x00000000
    kern/debug/kdebug.c:306: print_stackframe+22
ebp:0xc0116f28 eip:0xc0100d56arg :0xc01064ee 0x00000012 0xc01064d8 0x0000000c
    kern/debug/panic.c:27: __panic+105
ebp:0xc0116f48 eip:0xc01018e9arg :0xc0116fa8 0xc0101f58 0xc011af20 0x00000001
    kern/trap/trap.c:18: print_ticks+65
ebp:0xc0116f88 eip:0xc0101d9aarg :0xc0116fb4 0xc0100209 0x00000008 0x00000286
    kern/trap/trap.c:164: trap_dispatch+124
ebp:0xc0116fa8 eip:0xc0101f40arg :0xc0116fb4 0x00000001 0x00000000 0xc0116fa8
    kern/trap/trap.c:217: trap+16
ebp:0xc0116fa8 eip:0xc0101f58arg :0xc0116fb4 0x00000001 0x00000000 0xc0116fa8
    kern/trap/trapentry.S:24: <unknown>+0
ebp:0xc0116fa8 eip:0xc0101f58arg :0xc0116fb4 0x00000001 0x00000000 0xc0116fa8
    kern/trap/trapentry.S:24: <unknown>+0
ebp:0xc0116fa8 eip:0xc0101f58arg :0xc0116fb4 0x00000001 0x00000000 0xc0116fa8
    kern/trap/trapentry.S:24: <unknown>+0
ebp:0xc0116fa8 eip:0xc0101f58arg :0xc0116fb4 0x00000001 0x00000000 0xc0116fa8
    kern/trap/trapentry.S:24: <unknown>+0
ebp:0xc0116fa8 eip:0xc0101f58arg :0xc0116fb4 0x00000001 0x00000000 0xc0116fa8
    kern/trap/trapentry.S:24: <unknown>+0
ebp:0xc0116fa8 eip:0xc0101f58arg :0xc0116fb4 0x00000001 0x00000000 0xc0116fa8
    kern/trap/trapentry.S:24: <unknown>+0
ebp:0xc0116fa8 eip:0xc0101f58arg :0xc0116fb4 0x00000001 0x00000000 0xc0116fa8
    kern/trap/trapentry.S:24: <unknown>+0
ebp:0xc0116fa8 eip:0xc0101f58arg :0xc0116fb4 0x00000001 0x00000000 0xc0116fa8
    kern/trap/trapentry.S:24: <unknown>+0
ebp:0xc0116fa8 eip:0xc0101f58arg :0xc0116fb4 0x00000001 0x00000000 0xc0116fa8
    kern/trap/trapentry.S:24: <unknown>+0
ebp:0xc0116fa8 eip:0xc0101f58arg :0xc0116fb4 0x00000001 0x00000000 0xc0116fa8
    kern/trap/trapentry.S:24: <unknown>+0
ebp:0xc0116fa8 eip:0xc0101f58arg :0xc0116fb4 0x00000001 0x00000000 0xc0116fa8
    kern/trap/trapentry.S:24: <unknown>+0
ebp:0xc0116fa8 eip:0xc0101f58arg :0xc0116fb4 0x00000001 0x00000000 0xc0116fa8
    kern/trap/trapentry.S:24: <unknown>+0
ebp:0xc0116fa8 eip:0xc0101f58arg :0xc0116fb4 0x00000001 0x00000000 0xc0116fa8
    kern/trap/trapentry.S:24: <unknown>+0
ebp:0xc0116fa8 eip:0xc0101f58arg :0xc0116fb4 0x00000001 0x00000000 0xc0116fa8
    kern/trap/trapentry.S:24: <unknown>+0
ebp:0xc0116fa8 eip:0xc0101f58arg :0xc0116fb4 0x00000001 0x00000000 0xc0116fa8
    kern/trap/trapentry.S:24: <unknown>+0
Welcome to the kernel debug monitor!!
Type 'help' for a list of commands.
K> 